<?xml version="1.0" encoding="UTF-8"?>
<testng-results total="2" passed="2" failed="0" skipped="0">
  <reporter-output>
    <line>
      <![CDATA[Application opened]]>
    </line>
    <line>
      <![CDATA[Application opened]]>
    </line>
  </reporter-output>
  <suite started-at="2021-02-03T13:49:56Z" name="Suite1" finished-at="2021-02-03T13:50:27Z" duration-ms="31130">
    <groups>
    </groups>
    <test started-at="2021-02-03T13:49:56Z" name="Nopackage" finished-at="2021-02-03T13:50:27Z" duration-ms="31130">
      <class name="com.hrms.testscripts.TC001">
        <test-method signature="tc001()[pri:0, instance:com.hrms.testscripts.TC001@4a00d9cf]" started-at="2021-02-03T19:19:56Z" name="tc001" finished-at="2021-02-03T19:20:10Z" duration-ms="14113" status="PASS">
          <reporter-output>
            <line>
              <![CDATA[Application opened]]>
            </line>
          </reporter-output>
        </test-method> <!-- tc001 -->
      </class> <!-- com.hrms.testscripts.TC001 -->
      <class name="com.hrms.testscripts.TC002">
        <test-method signature="tc002()[pri:0, instance:com.hrms.testscripts.TC002@463fd068]" started-at="2021-02-03T19:20:10Z" name="tc002" finished-at="2021-02-03T19:20:27Z" duration-ms="17000" status="PASS">
          <reporter-output>
            <line>
              <![CDATA[Application opened]]>
            </line>
          </reporter-output>
        </test-method> <!-- tc002 -->
      </class> <!-- com.hrms.testscripts.TC002 -->
    </test> <!-- Nopackage -->
  </suite> <!-- Suite1 -->
</testng-results>
